<?xml version="1.0" encoding="UTF-8"?>
<testng-results ignored="0" total="1" passed="1" failed="0" skipped="0">
  <reporter-output>
  </reporter-output>
  <suite started-at="2022-12-23T10:10:43 IST" name="Default suite" finished-at="2022-12-23T10:10:51 IST" duration-ms="7583">
    <groups>
      <group name="regressionTest">
        <method signature="CreateCampaignTest.CreateCampaign()[pri:0, instance:com.crm.sdet.Campaign.CreateCampaignTest@4f32a3ad]" name="CreateCampaign" class="com.crm.sdet.Campaign.CreateCampaignTest"/>
      </group> <!-- regressionTest -->
    </groups>
    <test started-at="2022-12-23T10:10:43 IST" name="Default test" finished-at="2022-12-23T10:10:51 IST" duration-ms="7583">
      <class name="com.crm.sdet.Campaign.CreateCampaignTest">
        <test-method is-config="true" signature="BS()[pri:0, instance:com.crm.sdet.Campaign.CreateCampaignTest@4f32a3ad]" started-at="2022-12-23T10:10:43 IST" name="BS" finished-at="2022-12-23T10:10:43 IST" duration-ms="4" status="PASS">
          <reporter-output>
          </reporter-output>
        </test-method> <!-- BS -->
        <test-method is-config="true" signature="BT()[pri:0, instance:com.crm.sdet.Campaign.CreateCampaignTest@4f32a3ad]" started-at="2022-12-23T10:10:43 IST" name="BT" finished-at="2022-12-23T10:10:43 IST" duration-ms="0" status="PASS">
          <reporter-output>
          </reporter-output>
        </test-method> <!-- BT -->
        <test-method is-config="true" signature="BC()[pri:0, instance:com.crm.sdet.Campaign.CreateCampaignTest@4f32a3ad]" started-at="2022-12-23T10:10:43 IST" name="BC" finished-at="2022-12-23T10:10:45 IST" duration-ms="1109" status="PASS">
          <reporter-output>
          </reporter-output>
        </test-method> <!-- BC -->
        <test-method is-config="true" signature="BM()[pri:0, instance:com.crm.sdet.Campaign.CreateCampaignTest@4f32a3ad]" started-at="2022-12-23T10:10:45 IST" name="BM" finished-at="2022-12-23T10:10:46 IST" duration-ms="1782" status="PASS">
          <reporter-output>
          </reporter-output>
        </test-method> <!-- BM -->
        <test-method signature="CreateCampaign()[pri:0, instance:com.crm.sdet.Campaign.CreateCampaignTest@4f32a3ad]" started-at="2022-12-23T10:10:46 IST" name="CreateCampaign" finished-at="2022-12-23T10:10:51 IST" duration-ms="4671" status="PASS">
          <reporter-output>
          </reporter-output>
        </test-method> <!-- CreateCampaign -->
        <test-method is-config="true" signature="AM()[pri:0, instance:com.crm.sdet.Campaign.CreateCampaignTest@4f32a3ad]" started-at="2022-12-23T10:10:51 IST" name="AM" finished-at="2022-12-23T10:10:51 IST" duration-ms="0" status="PASS">
          <reporter-output>
          </reporter-output>
        </test-method> <!-- AM -->
        <test-method is-config="true" signature="AC()[pri:0, instance:com.crm.sdet.Campaign.CreateCampaignTest@4f32a3ad]" started-at="2022-12-23T10:10:51 IST" name="AC" finished-at="2022-12-23T10:10:51 IST" duration-ms="1" status="PASS">
          <reporter-output>
          </reporter-output>
        </test-method> <!-- AC -->
        <test-method is-config="true" signature="At()[pri:0, instance:com.crm.sdet.Campaign.CreateCampaignTest@4f32a3ad]" started-at="2022-12-23T10:10:51 IST" name="At" finished-at="2022-12-23T10:10:51 IST" duration-ms="1" status="PASS">
          <reporter-output>
          </reporter-output>
        </test-method> <!-- At -->
        <test-method is-config="true" signature="AS()[pri:0, instance:com.crm.sdet.Campaign.CreateCampaignTest@4f32a3ad]" started-at="2022-12-23T10:10:51 IST" name="AS" finished-at="2022-12-23T10:10:51 IST" duration-ms="0" status="PASS">
          <reporter-output>
          </reporter-output>
        </test-method> <!-- AS -->
      </class> <!-- com.crm.sdet.Campaign.CreateCampaignTest -->
    </test> <!-- Default test -->
  </suite> <!-- Default suite -->
</testng-results>
